<?xml version="1.0" encoding="UTF-8"?>
<testsuite xmlns:xsi="http://www.w3.org/2001/XMLSchema-instance" xsi:noNamespaceSchemaLocation="https://maven.apache.org/surefire/maven-surefire-plugin/xsd/surefire-test-report-3.0.xsd" version="3.0" name="com.j6demo.J6StoreApplicationTests" time="5.777" tests="1" errors="0" skipped="0" failures="0">
  <properties>
[...]
</properties>
  <testcase name="contextLoads" classname="com.j6demo.J6StoreApplicationTests" time="0.474">
    <system-out><![CDATA[16:03:53.084 [main] INFO org.springframework.test.context.support.AnnotationConfigContextLoaderUtils -- Could not detect default configuration classes for test class [com.j6demo.J6StoreApplicationTests]: J6StoreApplicationTests does not declare any static, non-private, non-final, nested classes annotated with @Configuration.
16:03:53.185 [main] INFO org.springframework.boot.test.context.SpringBootTestContextBootstrapper -- Found @SpringBootConfiguration com.j6demo.J6StoreApplication for test class com.j6demo.J6StoreApplicationTests
16:03:53.343 [main] INFO org.springframework.boot.devtools.restart.RestartApplicationListener -- Restart disabled due to context in which it is running

  .   ____          _            __ _ _
 /\\ / ___'_ __ _ _(_)_ __  __ _ \ \ \ \
( ( )\___ | '_ | '_| | '_ \/ _` | \ \ \ \
 \\/  ___)| |_)| | | | | || (_| |  ) ) ) )
  '  |____| .__|_| |_|_| |_\__, | / / / /
 =========|_|==============|___/=/_/_/_/

 :: Spring Boot ::                (v3.3.1)

2024-08-12T16:03:53.605+07:00  INFO 52828 --- [J6Store] [           main] com.j6demo.J6StoreApplicationTests       : Starting J6StoreApplicationTests using Java 19.0.1 with PID 52828 (started by Tinh in D:\project\eComJ6Store\Backend)
2024-08-12T16:03:53.607+07:00  INFO 52828 --- [J6Store] [           main] com.j6demo.J6StoreApplicationTests       : No active profile set, falling back to 1 default profile: "default"
2024-08-12T16:03:54.459+07:00  INFO 52828 --- [J6Store] [           main] .s.d.r.c.RepositoryConfigurationDelegate : Bootstrapping Spring Data JPA repositories in DEFAULT mode.
2024-08-12T16:03:54.520+07:00  INFO 52828 --- [J6Store] [           main] .s.d.r.c.RepositoryConfigurationDelegate : Finished Spring Data repository scanning in 55 ms. Found 5 JPA repository interfaces.
2024-08-12T16:03:54.980+07:00  INFO 52828 --- [J6Store] [           main] o.hibernate.jpa.internal.util.LogHelper  : HHH000204: Processing PersistenceUnitInfo [name: default]
2024-08-12T16:03:55.036+07:00  INFO 52828 --- [J6Store] [           main] org.hibernate.Version                    : HHH000412: Hibernate ORM core version 6.5.2.Final
2024-08-12T16:03:55.080+07:00  INFO 52828 --- [J6Store] [           main] o.h.c.internal.RegionFactoryInitiator    : HHH000026: Second-level cache disabled
2024-08-12T16:03:55.454+07:00  INFO 52828 --- [J6Store] [           main] o.s.o.j.p.SpringPersistenceUnitInfo      : No LoadTimeWeaver setup: ignoring JPA class transformer
2024-08-12T16:03:55.482+07:00  INFO 52828 --- [J6Store] [           main] com.zaxxer.hikari.HikariDataSource       : HikariPool-1 - Starting...
2024-08-12T16:03:55.909+07:00  INFO 52828 --- [J6Store] [           main] com.zaxxer.hikari.pool.HikariPool        : HikariPool-1 - Added connection com.mysql.cj.jdbc.ConnectionImpl@312f3050
2024-08-12T16:03:55.911+07:00  INFO 52828 --- [J6Store] [           main] com.zaxxer.hikari.HikariDataSource       : HikariPool-1 - Start completed.
2024-08-12T16:03:56.932+07:00  INFO 52828 --- [J6Store] [           main] o.h.e.t.j.p.i.JtaPlatformInitiator       : HHH000489: No JTA platform available (set 'hibernate.transaction.jta.platform' to enable JTA platform integration)
2024-08-12T16:03:57.045+07:00  INFO 52828 --- [J6Store] [           main] j.LocalContainerEntityManagerFactoryBean : Initialized JPA EntityManagerFactory for persistence unit 'default'
2024-08-12T16:03:57.554+07:00  WARN 52828 --- [J6Store] [           main] JpaBaseConfiguration$JpaWebConfiguration : spring.jpa.open-in-view is enabled by default. Therefore, database queries may be performed during view rendering. Explicitly configure spring.jpa.open-in-view to disable this warning
2024-08-12T16:03:57.923+07:00  WARN 52828 --- [J6Store] [           main] ion$DefaultTemplateResolverConfiguration : Cannot find template location: classpath:/templates/ (please add some templates, check your Thymeleaf configuration, or set spring.thymeleaf.check-template-location=false)
2024-08-12T16:03:58.056+07:00  WARN 52828 --- [J6Store] [           main] .s.s.UserDetailsServiceAutoConfiguration : 

Using generated security password: 40322d78-50dc-4142-af07-7d551d1716ad

This generated password is for development use only. Your security configuration must be updated before running your application in production.

2024-08-12T16:03:58.079+07:00  INFO 52828 --- [J6Store] [           main] r$InitializeUserDetailsManagerConfigurer : Global AuthenticationManager configured with UserDetailsService bean with name inMemoryUserDetailsManager
2024-08-12T16:03:58.212+07:00  INFO 52828 --- [J6Store] [           main] com.j6demo.J6StoreApplicationTests       : Started J6StoreApplicationTests in 4.884 seconds (process running for 5.8)
]]></system-out>
  </testcase>
</testsuite>